Copyright 1986-2019 Xilinx, Inc. All Rights Reserved.
------------------------------------------------------------------------------------------------------------------------------------------------------------------------------------------------------------------------------------------------------------------------------------------------------------------------------------------------------------------------------------------------------------------------------------------------------------------------------------------------------------------------------------------------------------------------------------------------------------------------------------------------------------------------------------------------------------------------------
| Tool Version : Vivado v.2019.2 (lin64) Build 2708876 Wed Nov  6 21:39:14 MST 2019
| Date         : Sun Jul  4 21:58:07 2021
| Host         : Msoc running 64-bit Ubuntu 18.04.5 LTS
| Command      : report_accelerator_utilization -kernels { K_add_K_add:level0_i/ulp/K_add_1/inst:K_add_1 K_apply_galois_K_apply_galois:level0_i/ulp/K_apply_galois_1/inst:K_apply_galois_1 K_lift_K_lift:level0_i/ulp/K_lift_1/inst:K_lift_1 K_mov_K_mov:level0_i/ulp/K_mov_1/inst:K_mov_1 K_mulConst_K_mulConst:level0_i/ulp/K_mulConst_1/inst:K_mulConst_1 K_mulWise_K_mulWise:level0_i/ulp/K_mulWise_1/inst:K_mulWise_1 K_ntt_K_ntt:level0_i/ulp/K_ntt_1/inst:K_ntt_1 K_scale_K_scale:level0_i/ulp/K_scale_1/inst:K_scale_1 modular_multiplication_modular_multiplication:level0_i/ulp/modular_multiplication_1/inst:modular_multiplication_1} -file ../../../output/kernel_util_routed.rpt -name kernel_util_routed -json
| Design       : level0_wrapper
| Device       : xcu50
| Design State : Routed
------------------------------------------------------------------------------------------------------------------------------------------------------------------------------------------------------------------------------------------------------------------------------------------------------------------------------------------------------------------------------------------------------------------------------------------------------------------------------------------------------------------------------------------------------------------------------------------------------------------------------------------------------------------------------------------------------------------------------

Accelerator Utilization Design Information

Table of Contents
-----------------
1. System Utilization

1. System Utilization
---------------------

+-----------------------------------------------+------------------+------------------+-------------------+----------------+---------------+----------------+
| Name                                          | LUT              | LUTAsMem         | REG               | BRAM           | URAM          | DSP            |
+-----------------------------------------------+------------------+------------------+-------------------+----------------+---------------+----------------+
| Platform                                      | 112286 [ 12.91%] |  11497 [  2.86%] |  146708 [  8.43%] |  178 [ 13.24%] |   0 [  0.00%] |    4 [  0.07%] |
| User Budget                                   | 757730 [100.00%] | 390519 [100.00%] | 1593324 [100.00%] | 1166 [100.00%] | 640 [100.00%] | 5936 [100.00%] |
|    Used Resources                             |  40294 [  5.32%] |   1674 [  0.43%] |   47052 [  2.95%] |  327 [ 28.04%] |   0 [  0.00%] |  141 [  2.38%] |
|    Unused Resources                           | 717436 [ 94.68%] | 388845 [ 99.57%] | 1546272 [ 97.05%] |  839 [ 71.96%] | 640 [100.00%] | 5795 [ 97.62%] |
| K_add_K_add                                   |   1405 [  0.19%] |    126 [  0.03%] |    2530 [  0.16%] |    1 [  0.09%] |   0 [  0.00%] |    0 [  0.00%] |
|    K_add_1                                    |   1405 [  0.19%] |    126 [  0.03%] |    2530 [  0.16%] |    1 [  0.09%] |   0 [  0.00%] |    0 [  0.00%] |
| K_apply_galois_K_apply_galois                 |   1208 [  0.16%] |    125 [  0.03%] |    2255 [  0.14%] |    1 [  0.09%] |   0 [  0.00%] |    2 [  0.03%] |
|    K_apply_galois_1                           |   1208 [  0.16%] |    125 [  0.03%] |    2255 [  0.14%] |    1 [  0.09%] |   0 [  0.00%] |    2 [  0.03%] |
| K_lift_K_lift                                 |   3420 [  0.45%] |    136 [  0.03%] |    3437 [  0.22%] |   16 [  1.37%] |   0 [  0.00%] |    0 [  0.00%] |
|    K_lift_1                                   |   3420 [  0.45%] |    136 [  0.03%] |    3437 [  0.22%] |   16 [  1.37%] |   0 [  0.00%] |    0 [  0.00%] |
| K_mov_K_mov                                   |   1048 [  0.14%] |    121 [  0.03%] |    1983 [  0.12%] |    1 [  0.09%] |   0 [  0.00%] |    0 [  0.00%] |
|    K_mov_1                                    |   1048 [  0.14%] |    121 [  0.03%] |    1983 [  0.12%] |    1 [  0.09%] |   0 [  0.00%] |    0 [  0.00%] |
| K_mulConst_K_mulConst                         |   1112 [  0.15%] |    187 [  0.05%] |    2096 [  0.13%] |    1 [  0.09%] |   0 [  0.00%] |    0 [  0.00%] |
|    K_mulConst_1                               |   1112 [  0.15%] |    187 [  0.05%] |    2096 [  0.13%] |    1 [  0.09%] |   0 [  0.00%] |    0 [  0.00%] |
| K_mulWise_K_mulWise                           |   1144 [  0.15%] |    123 [  0.03%] |    2192 [  0.14%] |    1 [  0.09%] |   0 [  0.00%] |    0 [  0.00%] |
|    K_mulWise_1                                |   1144 [  0.15%] |    123 [  0.03%] |    2192 [  0.14%] |    1 [  0.09%] |   0 [  0.00%] |    0 [  0.00%] |
| K_ntt_K_ntt                                   |   7307 [  0.96%] |    637 [  0.16%] |    8297 [  0.52%] |  193 [ 16.55%] |   0 [  0.00%] |   23 [  0.39%] |
|    K_ntt_1                                    |   7307 [  0.96%] |    637 [  0.16%] |    8297 [  0.52%] |  193 [ 16.55%] |   0 [  0.00%] |   23 [  0.39%] |
| K_scale_K_scale                               |  21674 [  2.86%] |    129 [  0.03%] |   22971 [  1.44%] |  113 [  9.69%] |   0 [  0.00%] |  112 [  1.89%] |
|    K_scale_1                                  |  21674 [  2.86%] |    129 [  0.03%] |   22971 [  1.44%] |  113 [  9.69%] |   0 [  0.00%] |  112 [  1.89%] |
| modular_multiplication_modular_multiplication |   1976 [  0.26%] |     90 [  0.02%] |    1291 [  0.08%] |    0 [  0.00%] |   0 [  0.00%] |    4 [  0.07%] |
|    modular_multiplication_1                   |   1976 [  0.26%] |     90 [  0.02%] |    1291 [  0.08%] |    0 [  0.00%] |   0 [  0.00%] |    4 [  0.07%] |
+-----------------------------------------------+------------------+------------------+-------------------+----------------+---------------+----------------+


