Copyright 1986-2019 Xilinx, Inc. All Rights Reserved.
--------------------------------------------------------------------------------------------------------------------------------------------------------------------------------------------------------------------------------------------------------------------------------------------------------------------------------------------------------------------------------------------------------------------------------------------------------------------------------------------------------------------------------------------------------------------------------------------------------------------------------------------------------------------------------------------------------------------------------
| Tool Version : Vivado v.2019.2 (lin64) Build 2708876 Wed Nov  6 21:39:14 MST 2019
| Date         : Sun Jul  4 20:41:09 2021
| Host         : Msoc running 64-bit Ubuntu 18.04.5 LTS
| Command      : report_accelerator_utilization -kernels { K_add_K_add:level0_i/ulp/K_add_1/inst:K_add_1 K_apply_galois_K_apply_galois:level0_i/ulp/K_apply_galois_1/inst:K_apply_galois_1 K_lift_K_lift:level0_i/ulp/K_lift_1/inst:K_lift_1 K_mov_K_mov:level0_i/ulp/K_mov_1/inst:K_mov_1 K_mulConst_K_mulConst:level0_i/ulp/K_mulConst_1/inst:K_mulConst_1 K_mulWise_K_mulWise:level0_i/ulp/K_mulWise_1/inst:K_mulWise_1 K_ntt_K_ntt:level0_i/ulp/K_ntt_1/inst:K_ntt_1 K_scale_K_scale:level0_i/ulp/K_scale_1/inst:K_scale_1 modular_multiplication_modular_multiplication:level0_i/ulp/modular_multiplication_1/inst:modular_multiplication_1} -file ../../../output/kernel_util_synthed.rpt -name kernel_util_synthed -json
| Design       : level0_wrapper
| Device       : xcu50
| Design State : Synthesized
--------------------------------------------------------------------------------------------------------------------------------------------------------------------------------------------------------------------------------------------------------------------------------------------------------------------------------------------------------------------------------------------------------------------------------------------------------------------------------------------------------------------------------------------------------------------------------------------------------------------------------------------------------------------------------------------------------------------------------

Accelerator Utilization Design Information

Table of Contents
-----------------
1. System Utilization

1. System Utilization
---------------------

+-----------------------------------------------+------------------+------------------+-------------------+----------------+---------------+----------------+
| Name                                          | LUT              | LUTAsMem         | REG               | BRAM           | URAM          | DSP            |
+-----------------------------------------------+------------------+------------------+-------------------+----------------+---------------+----------------+
| Platform                                      | 126187 [ 14.50%] |  14731 [  3.66%] |  151533 [  8.71%] |  178 [ 13.24%] |   0 [  0.00%] |    4 [  0.07%] |
| User Budget                                   | 743829 [100.00%] | 387285 [100.00%] | 1588499 [100.00%] | 1166 [100.00%] | 640 [100.00%] | 5936 [100.00%] |
|    Used Resources                             |  41648 [  5.60%] |   2749 [  0.71%] |   46981 [  2.96%] |  327 [ 28.04%] |   0 [  0.00%] |  141 [  2.38%] |
|    Unused Resources                           | 702181 [ 94.40%] | 384536 [ 99.29%] | 1541518 [ 97.04%] |  839 [ 71.96%] | 640 [100.00%] | 5795 [ 97.62%] |
| K_add_K_add                                   |   1550 [  0.21%] |    240 [  0.06%] |    2601 [  0.16%] |    1 [  0.09%] |   0 [  0.00%] |    0 [  0.00%] |
|    K_add_1                                    |   1550 [  0.21%] |    240 [  0.06%] |    2601 [  0.16%] |    1 [  0.09%] |   0 [  0.00%] |    0 [  0.00%] |
| K_apply_galois_K_apply_galois                 |   1347 [  0.18%] |    239 [  0.06%] |    2325 [  0.15%] |    1 [  0.09%] |   0 [  0.00%] |    2 [  0.03%] |
|    K_apply_galois_1                           |   1347 [  0.18%] |    239 [  0.06%] |    2325 [  0.15%] |    1 [  0.09%] |   0 [  0.00%] |    2 [  0.03%] |
| K_lift_K_lift                                 |   3575 [  0.48%] |    254 [  0.07%] |    3503 [  0.22%] |   16 [  1.37%] |   0 [  0.00%] |    0 [  0.00%] |
|    K_lift_1                                   |   3575 [  0.48%] |    254 [  0.07%] |    3503 [  0.22%] |   16 [  1.37%] |   0 [  0.00%] |    0 [  0.00%] |
| K_mov_K_mov                                   |   1190 [  0.16%] |    235 [  0.06%] |    2053 [  0.13%] |    1 [  0.09%] |   0 [  0.00%] |    0 [  0.00%] |
|    K_mov_1                                    |   1190 [  0.16%] |    235 [  0.06%] |    2053 [  0.13%] |    1 [  0.09%] |   0 [  0.00%] |    0 [  0.00%] |
| K_mulConst_K_mulConst                         |   1256 [  0.17%] |    301 [  0.08%] |    2165 [  0.14%] |    1 [  0.09%] |   0 [  0.00%] |    0 [  0.00%] |
|    K_mulConst_1                               |   1256 [  0.17%] |    301 [  0.08%] |    2165 [  0.14%] |    1 [  0.09%] |   0 [  0.00%] |    0 [  0.00%] |
| K_mulWise_K_mulWise                           |   1290 [  0.17%] |    237 [  0.06%] |    2262 [  0.14%] |    1 [  0.09%] |   0 [  0.00%] |    0 [  0.00%] |
|    K_mulWise_1                                |   1290 [  0.17%] |    237 [  0.06%] |    2262 [  0.14%] |    1 [  0.09%] |   0 [  0.00%] |    0 [  0.00%] |
| K_ntt_K_ntt                                   |   7606 [  1.02%] |    909 [  0.23%] |    8365 [  0.53%] |  193 [ 16.55%] |   0 [  0.00%] |   23 [  0.39%] |
|    K_ntt_1                                    |   7606 [  1.02%] |    909 [  0.23%] |    8365 [  0.53%] |  193 [ 16.55%] |   0 [  0.00%] |   23 [  0.39%] |
| K_scale_K_scale                               |  21858 [  2.94%] |    244 [  0.06%] |   22416 [  1.41%] |  113 [  9.69%] |   0 [  0.00%] |  112 [  1.89%] |
|    K_scale_1                                  |  21858 [  2.94%] |    244 [  0.06%] |   22416 [  1.41%] |  113 [  9.69%] |   0 [  0.00%] |  112 [  1.89%] |
| modular_multiplication_modular_multiplication |   1976 [  0.27%] |     90 [  0.02%] |    1291 [  0.08%] |    0 [  0.00%] |   0 [  0.00%] |    4 [  0.07%] |
|    modular_multiplication_1                   |   1976 [  0.27%] |     90 [  0.02%] |    1291 [  0.08%] |    0 [  0.00%] |   0 [  0.00%] |    4 [  0.07%] |
+-----------------------------------------------+------------------+------------------+-------------------+----------------+---------------+----------------+


